Build started 2014/6/20 9:40:23.
     1>Project "D:\dev\GitHub\CAL\quantlib\QuantLib\Examples\BermudanSwaption\BermudanSwaption_vc11.vcxproj" on node 2 (Build target(s)).
     1>C:\Program Files (x86)\MSBuild\Microsoft.Cpp\v4.0\V110\Microsoft.CppBuild.targets(344,5): warning MSB8003: Could not find WindowsSDKDir variable from the registry.  TargetFrameworkVersion or PlatformToolset may be set to an invalid version number.
     1>ClCompile:
         D:\Program Files (x86)\Microsoft Visual Studio 11.0\VC\bin\CL.exe /c /I..\.. /Zi /nologo /W3 /WX- /O2 /Ob2 /Ot /Oy- /D NDEBUG /D WIN32 /D _CONSOLE /D _SCL_SECURE_NO_DEPRECATE /D _CRT_SECURE_NO_DEPRECATE /D _MBCS /GF /Gm- /EHsc /MD /GS /Gy /fp:precise /Zc:wchar_t /Zc:forScope /GR /Fo".\build\vc110\Win32\Release\\" /Fd".\build\vc110\Win32\Release\vc110.pdb" /FR".\build\vc110\Win32\Release\\" /Gd /TP /wd4819 /analyze- /errorReport:prompt BermudanSwaption.cpp
         BermudanSwaption.cpp
       Link:
         D:\Program Files (x86)\Microsoft Visual Studio 11.0\VC\bin\link.exe /ERRORREPORT:PROMPT /OUT:".\bin\BermudanSwaption-vc110-mt.exe" /INCREMENTAL:NO /NOLOGO /LIBPATH:..\..\lib "libboost_thread-vc110-mt-1_55.lib" "libboost_system-vc110-mt-1_55.lib" kernel32.lib user32.lib gdi32.lib winspool.lib comdlg32.lib advapi32.lib shell32.lib ole32.lib oleaut32.lib uuid.lib odbc32.lib odbccp32.lib /MANIFEST /ManifestFile:".\build\vc110\Win32\Release\BermudanSwaption-vc110-mt.exe.intermediate.manifest" /MANIFESTUAC:"level='asInvoker' uiAccess='false'" /PDB:".\build\vc110\Win32\Release\BermudanSwaption.pdb" /SUBSYSTEM:CONSOLE /TLBID:1 /DYNAMICBASE:NO /IMPLIB:".\bin\BermudanSwaption-vc110-mt.lib" /MACHINE:X86 /SAFESEH .\build\vc110\Win32\Release\BermudanSwaption.obj
         "D:\dev\GitHub\CAL\quantlib\QuantLib\lib\QuantLib-vc110-mt.lib"
         BermudanSwaption_vc11.vcxproj -> D:\dev\GitHub\CAL\quantlib\QuantLib\Examples\BermudanSwaption\.\bin\BermudanSwaption-vc110-mt.exe
       Manifest:
         mt.exe /nologo /verbose /out:"D:\dev\GitHub\CAL\quantlib\QuantLib\Examples\BermudanSwaption\.\bin\BermudanSwaption-vc110-mt.exe.manifest" /manifest ".\build\vc110\Win32\Release\BermudanSwaption-vc110-mt.exe.intermediate.manifest"
     1>TRACKER : error TRK0005: Failed to locate: "mt.exe".
     1>Done Building Project "D:\dev\GitHub\CAL\quantlib\QuantLib\Examples\BermudanSwaption\BermudanSwaption_vc11.vcxproj" (Build target(s)) -- FAILED.

Build FAILED.

Time Elapsed 00:01:40.29
